#
# There is insufficient memory for the Java Runtime Environment to continue.
# Native memory allocation (malloc) failed to allocate 197936 bytes for Chunk::new
# Possible reasons:
#   The system is out of physical RAM or swap space
#   In 32 bit mode, the process size limit was hit
# Possible solutions:
#   Reduce memory load on the system
#   Increase physical memory or swap space
#   Check if swap backing store is full
#   Use 64 bit Java on a 64 bit OS
#   Decrease Java heap size (-Xmx/-Xms)
#   Decrease number of Java threads
#   Decrease Java thread stack sizes (-Xss)
#   Set larger code cache with -XX:ReservedCodeCacheSize=
# This output file may be truncated or incomplete.
#
#  Out of Memory Error (allocation.cpp:390), pid=27388, tid=0x0000000000006d5c
#
# JRE version: Java(TM) SE Runtime Environment (8.0_172-b11) (build 1.8.0_172-b11)
# Java VM: Java HotSpot(TM) 64-Bit Server VM (25.172-b11 mixed mode windows-amd64 compressed oops)
# Failed to write core dump. Minidumps are not enabled by default on client versions of Windows
#

---------------  T H R E A D  ---------------

Current thread (0x000000001d8a5000):  JavaThread "C2 CompilerThread1" daemon [_thread_in_native, id=27996, stack(0x000000001f000000,0x000000001f100000)]

Stack: [0x000000001f000000,0x000000001f100000]
[error occurred during error reporting (printing stack bounds), id 0xc0000005]

Native frames: (J=compiled Java code, j=interpreted, Vv=VM code, C=native code)


Current CompileTask:
C2:  22544 2956       4       sun.nio.cs.StreamDecoder::implRead (243 bytes)


---------------  P R O C E S S  ---------------

Java Threads: ( => current thread )
  0x000000001f111000 JavaThread "Service Thread" daemon [_thread_blocked, id=13556, stack(0x000000001f600000,0x000000001f700000)]
  0x000000001f110800 JavaThread "C1 CompilerThread2" daemon [_thread_in_native, id=26712, stack(0x000000001f500000,0x000000001f600000)]
=>0x000000001d8a5000 JavaThread "C2 CompilerThread1" daemon [_thread_in_native, id=27996, stack(0x000000001f000000,0x000000001f100000)]
  0x000000001d8a0800 JavaThread "C2 CompilerThread0" daemon [_thread_blocked, id=17808, stack(0x000000001ef00000,0x000000001f000000)]
  0x000000001d89e800 JavaThread "Attach Listener" daemon [_thread_blocked, id=14628, stack(0x000000001ee00000,0x000000001ef00000)]
  0x000000000427e000 JavaThread "Signal Dispatcher" daemon [_thread_blocked, id=28428, stack(0x000000001ed00000,0x000000001ee00000)]
  0x0000000004276800 JavaThread "Finalizer" daemon [_thread_blocked, id=28440, stack(0x000000001eb10000,0x000000001ec10000)]
  0x000000001d88a000 JavaThread "Reference Handler" daemon [_thread_blocked, id=26672, stack(0x000000001ea10000,0x000000001eb10000)]
  0x0000000004182800 JavaThread "main" [_thread_in_vm, id=13660, stack(0x0000000004080000,0x0000000004180000)]

Other Threads:
  0x000000001d867000 VMThread [stack: 0x000000001e910000,0x000000001ea10000] [id=22704]
  0x000000001f114800 WatcherThread [stack: 0x000000001f700000,0x000000001f800000] [id=26604]

VM state:not at safepoint (normal execution)

VM Mutex/Monitor currently owned by a thread: None

Heap:
 PSYoungGen      total 76288K, used 18437K [0x000000076b400000, 0x0000000770900000, 0x00000007c0000000)
  eden space 65536K, 11% used [0x000000076b400000,0x000000076bb85530,0x000000076f400000)
  from space 10752K, 99% used [0x000000076f400000,0x000000076fe7c050,0x000000076fe80000)
  to   space 10752K, 0% used [0x000000076fe80000,0x000000076fe80000,0x0000000770900000)
 ParOldGen       total 175104K, used 3060K [0x00000006c1c00000, 0x00000006cc700000, 0x000000076b400000)
  object space 175104K, 1% used [0x00000006c1c00000,0x00000006c1efd1b8,0x00000006cc700000)
 Metaspace       used 17452K, capacity 17888K, committed 18176K, reserved 1064960K
  class space    used 2098K, capacity 2252K, committed 2304K, reserved 1048576K

Card table byte_map: [0x0000000013640000,0x0000000013e40000] byte_map_base: 0x0000000010032000

Marking Bits: (ParMarkBitMap*) 0x0000000003ff3c10
 Begin Bits: [0x0000000014790000, 0x0000000018720000)
 End Bits:   [0x0000000018720000, 0x000000001c6b0000)

Polling page: 0x0000000003750000

CodeCache: size=245760Kb used=10748Kb max_used=10777Kb free=235011Kb
 bounds [0x0000000004280000, 0x0000000004d20000, 0x0000000013280000]
 total_blobs=3335 nmethods=2977 adapters=269
 compilation: enabled

Compilation events (10 events):
Event: 22.397 Thread 0x000000001d8a0800 2954       4       com.google.common.collect.AbstractIndexedListIterator::hasNext (17 bytes)
Event: 22.397 Thread 0x000000001d8a0800 nmethod 2954 0x0000000004cc1110 code [0x0000000004cc1240, 0x0000000004cc12b8]
Event: 22.398 Thread 0x000000001f110800 nmethod 2951 0x0000000004cf16d0 code [0x0000000004cf1a60, 0x0000000004cf38e8]
Event: 22.398 Thread 0x000000001f110800 2952       3       com.google.common.collect.RegularImmutableSet::iterator (5 bytes)
Event: 22.399 Thread 0x000000001f110800 nmethod 2952 0x0000000004ceeb10 code [0x0000000004ceece0, 0x0000000004cef6a8]
Event: 22.399 Thread 0x000000001f110800 2953       3       com.google.common.collect.RegularImmutableSet::iterator (8 bytes)
Event: 22.399 Thread 0x000000001f110800 nmethod 2953 0x0000000004cea990 code [0x0000000004ceab60, 0x0000000004ceb448]
Event: 22.403 Thread 0x000000001f110800 2955  s    3       java.io.ByteArrayInputStream::read (101 bytes)
Event: 22.404 Thread 0x000000001f110800 nmethod 2955 0x0000000004ce9e50 code [0x0000000004cea000, 0x0000000004cea768]
Event: 22.417 Thread 0x000000001d8a5000 2956       4       sun.nio.cs.StreamDecoder::implRead (243 bytes)

GC Heap History (6 events):
Event: 5.194 GC heap before
{Heap before GC invocations=1 (full 0):
 PSYoungGen      total 76288K, used 65536K [0x000000076b400000, 0x0000000770900000, 0x00000007c0000000)
  eden space 65536K, 100% used [0x000000076b400000,0x000000076f400000,0x000000076f400000)
  from space 10752K, 0% used [0x000000076fe80000,0x000000076fe80000,0x0000000770900000)
  to   space 10752K, 0% used [0x000000076f400000,0x000000076f400000,0x000000076fe80000)
 ParOldGen       total 175104K, used 0K [0x00000006c1c00000, 0x00000006cc700000, 0x000000076b400000)
  object space 175104K, 0% used [0x00000006c1c00000,0x00000006c1c00000,0x00000006cc700000)
 Metaspace       used 11477K, capacity 11592K, committed 11776K, reserved 1058816K
  class space    used 1415K, capacity 1476K, committed 1536K, reserved 1048576K
Event: 5.206 GC heap after
Heap after GC invocations=1 (full 0):
 PSYoungGen      total 76288K, used 9869K [0x000000076b400000, 0x0000000770900000, 0x00000007c0000000)
  eden space 65536K, 0% used [0x000000076b400000,0x000000076b400000,0x000000076f400000)
  from space 10752K, 91% used [0x000000076f400000,0x000000076fda3460,0x000000076fe80000)
  to   space 10752K, 0% used [0x000000076fe80000,0x000000076fe80000,0x0000000770900000)
 ParOldGen       total 175104K, used 16K [0x00000006c1c00000, 0x00000006cc700000, 0x000000076b400000)
  object space 175104K, 0% used [0x00000006c1c00000,0x00000006c1c04000,0x00000006cc700000)
 Metaspace       used 11477K, capacity 11592K, committed 11776K, reserved 1058816K
  class space    used 1415K, capacity 1476K, committed 1536K, reserved 1048576K
}
Event: 15.991 GC heap before
{Heap before GC invocations=2 (full 0):
 PSYoungGen      total 76288K, used 75405K [0x000000076b400000, 0x0000000770900000, 0x00000007c0000000)
  eden space 65536K, 100% used [0x000000076b400000,0x000000076f400000,0x000000076f400000)
  from space 10752K, 91% used [0x000000076f400000,0x000000076fda3460,0x000000076fe80000)
  to   space 10752K, 0% used [0x000000076fe80000,0x000000076fe80000,0x0000000770900000)
 ParOldGen       total 175104K, used 16K [0x00000006c1c00000, 0x00000006cc700000, 0x000000076b400000)
  object space 175104K, 0% used [0x00000006c1c00000,0x00000006c1c04000,0x00000006cc700000)
 Metaspace       used 15072K, capacity 15302K, committed 15616K, reserved 1062912K
  class space    used 1828K, capacity 1945K, committed 2048K, reserved 1048576K
Event: 16.037 GC heap after
Heap after GC invocations=2 (full 0):
 PSYoungGen      total 76288K, used 8249K [0x000000076b400000, 0x0000000770900000, 0x00000007c0000000)
  eden space 65536K, 0% used [0x000000076b400000,0x000000076b400000,0x000000076f400000)
  from space 10752K, 76% used [0x000000076fe80000,0x000000077068e4f0,0x0000000770900000)
  to   space 10752K, 0% used [0x000000076f400000,0x000000076f400000,0x000000076fe80000)
 ParOldGen       total 175104K, used 16K [0x00000006c1c00000, 0x00000006cc700000, 0x000000076b400000)
  object space 175104K, 0% used [0x00000006c1c00000,0x00000006c1c04000,0x00000006cc700000)
 Metaspace       used 15072K, capacity 15302K, committed 15616K, reserved 1062912K
  class space    used 1828K, capacity 1945K, committed 2048K, reserved 1048576K
}
Event: 21.891 GC heap before
{Heap before GC invocations=3 (full 0):
 PSYoungGen      total 76288K, used 73785K [0x000000076b400000, 0x0000000770900000, 0x00000007c0000000)
  eden space 65536K, 100% used [0x000000076b400000,0x000000076f400000,0x000000076f400000)
  from space 10752K, 76% used [0x000000076fe80000,0x000000077068e4f0,0x0000000770900000)
  to   space 10752K, 0% used [0x000000076f400000,0x000000076f400000,0x000000076fe80000)
 ParOldGen       total 175104K, used 16K [0x00000006c1c00000, 0x00000006cc700000, 0x000000076b400000)
  object space 175104K, 0% used [0x00000006c1c00000,0x00000006c1c04000,0x00000006cc700000)
 Metaspace       used 17188K, capacity 17480K, committed 17664K, reserved 1064960K
  class space    used 2062K, capacity 2180K, committed 2304K, reserved 1048576K
Event: 21.913 GC heap after
Heap after GC invocations=3 (full 0):
 PSYoungGen      total 76288K, used 10736K [0x000000076b400000, 0x0000000770900000, 0x00000007c0000000)
  eden space 65536K, 0% used [0x000000076b400000,0x000000076b400000,0x000000076f400000)
  from space 10752K, 99% used [0x000000076f400000,0x000000076fe7c050,0x000000076fe80000)
  to   space 10752K, 0% used [0x000000076fe80000,0x000000076fe80000,0x0000000770900000)
 ParOldGen       total 175104K, used 3060K [0x00000006c1c00000, 0x00000006cc700000, 0x000000076b400000)
  object space 175104K, 1% used [0x00000006c1c00000,0x00000006c1efd1b8,0x00000006cc700000)
 Metaspace       used 17188K, capacity 17480K, committed 17664K, reserved 1064960K
  class space    used 2062K, capacity 2180K, committed 2304K, reserved 1048576K
}

Deoptimization events (10 events):
Event: 20.919 Thread 0x0000000004182800 Uncommon trap: reason=null_check action=make_not_entrant pc=0x0000000004b12620 method=org.apache.maven.model.merge.MavenModelMerger.mergePlugin_Executions(Lorg/apache/maven/model/Plugin;Lorg/apache/maven/model/Plugin;ZLjava/util/Map;)V @ 180
Event: 20.932 Thread 0x0000000004182800 Uncommon trap: reason=unstable_if action=reinterpret pc=0x0000000004b79854 method=org.codehaus.plexus.util.xml.pull.MXParser.parseAttribute()C @ 762
Event: 21.425 Thread 0x0000000004182800 Uncommon trap: reason=unstable_if action=reinterpret pc=0x00000000044dcd28 method=java.util.HashMap.hash(Ljava/lang/Object;)I @ 1
Event: 21.426 Thread 0x0000000004182800 Uncommon trap: reason=unstable_if action=reinterpret pc=0x0000000004963b50 method=java.util.HashMap.hash(Ljava/lang/Object;)I @ 1
Event: 21.426 Thread 0x0000000004182800 Uncommon trap: reason=unstable_if action=reinterpret pc=0x00000000048cc524 method=java.util.HashMap.hash(Ljava/lang/Object;)I @ 1
Event: 21.426 Thread 0x0000000004182800 Uncommon trap: reason=unstable_if action=reinterpret pc=0x00000000045ccd10 method=java.util.HashMap.hash(Ljava/lang/Object;)I @ 1
Event: 21.890 Thread 0x0000000004182800 Uncommon trap: reason=unstable_if action=reinterpret pc=0x0000000004c2a08c method=org.codehaus.plexus.util.xml.pull.MXParser.parseEntityRef()[C @ 744
Event: 22.386 Thread 0x0000000004182800 Uncommon trap: reason=class_check action=maybe_recompile pc=0x0000000004ae1f9c method=org.eclipse.sisu.wire.EntryListAdapter$ValueIterator.hasNext()Z @ 4
Event: 22.387 Thread 0x0000000004182800 Uncommon trap: reason=unstable_if action=reinterpret pc=0x0000000004c7d150 method=org.eclipse.sisu.plexus.RealmFilteredBeans$FilteredItr.hasNext()Z @ 44
Event: 22.387 Thread 0x0000000004182800 Uncommon trap: reason=unstable_if action=reinterpret pc=0x0000000004c7b11c method=org.eclipse.sisu.plexus.RealmFilteredBeans$FilteredItr.hasNext()Z @ 44

Classes redefined (0 events):
No events

Internal exceptions (10 events):
Event: 16.042 Thread 0x0000000004182800 Implicit null exception at 0x0000000004aa525d to 0x0000000004aa7825
Event: 16.042 Thread 0x0000000004182800 Implicit null exception at 0x0000000004a96b92 to 0x0000000004a97255
Event: 16.043 Thread 0x0000000004182800 Implicit null exception at 0x0000000004a9b92c to 0x0000000004a9de8d
Event: 18.821 Thread 0x0000000004182800 Exception <a 'java/lang/NoClassDefFoundError': com/google/inject/ConfigurationException> (0x000000076cc715b0) thrown at [C:\re\workspace\8-2-build-windows-amd64-cygwin\jdk8u172\10810\hotspot\src\share\vm\classfile\systemDictionary.cpp, line 199]
Event: 19.034 Thread 0x0000000004182800 Implicit null exception at 0x0000000004ada217 to 0x0000000004ada651
Event: 20.919 Thread 0x0000000004182800 Implicit null exception at 0x0000000004b11ba4 to 0x0000000004b12601
Event: 21.425 Thread 0x0000000004182800 Implicit null exception at 0x00000000044dcb15 to 0x00000000044dcd19
Event: 21.426 Thread 0x0000000004182800 Implicit null exception at 0x000000000496388e to 0x0000000004963b39
Event: 21.426 Thread 0x0000000004182800 Implicit null exception at 0x00000000048cbd0b to 0x00000000048cc511
Event: 21.426 Thread 0x0000000004182800 Implicit null exception at 0x00000000045cc85b to 0x00000000045cccf5

Events (10 events):
Event: 22.392 loading class org/apache/maven/plugin/install/HelpMojo
Event: 22.392 loading class org/apache/maven/plugin/install/HelpMojo done
Event: 22.392 loading class org/apache/maven/plugin/install/HelpMojo
Event: 22.392 loading class org/apache/maven/plugin/install/HelpMojo done
Event: 22.418 loading class org/codehaus/plexus/digest/Digester
Event: 22.418 loading class org/codehaus/plexus/digest/Digester done
Event: 22.418 loading class org/codehaus/plexus/digest/Digester
Event: 22.418 loading class org/codehaus/plexus/digest/Digester done
Event: 22.418 loading class org/codehaus/plexus/digest/Digester
Event: 22.418 loading class org/codehaus/plexus/digest/Digester done


Dynamic libraries:
0x00007ff7005f0000 - 0x00007ff700627000 	C:\jdk1.8.0_172\bin\java.exe
0x00007ffdd0520000 - 0x00007ffdd06fb000 	C:\Windows\SYSTEM32\ntdll.dll
0x00007ffdcf270000 - 0x00007ffdcf31e000 	C:\Windows\System32\KERNEL32.DLL
0x00007ffdcd6a0000 - 0x00007ffdcd8ea000 	C:\Windows\System32\KERNELBASE.dll
0x00007ffdcef30000 - 0x00007ffdcefd1000 	C:\Windows\System32\ADVAPI32.dll
0x00007ffdd00a0000 - 0x00007ffdd013d000 	C:\Windows\System32\msvcrt.dll
0x00007ffdcf210000 - 0x00007ffdcf269000 	C:\Windows\System32\sechost.dll
0x00007ffdd0340000 - 0x00007ffdd0465000 	C:\Windows\System32\RPCRT4.dll
0x00007ffdcfe20000 - 0x00007ffdcff6a000 	C:\Windows\System32\USER32.dll
0x00007ffdcd600000 - 0x00007ffdcd61e000 	C:\Windows\System32\win32u.dll
0x00007ffdcf1d0000 - 0x00007ffdcf1f7000 	C:\Windows\System32\GDI32.dll
0x00007ffdcd8f0000 - 0x00007ffdcda78000 	C:\Windows\System32\gdi32full.dll
0x00007ffdcca30000 - 0x00007ffdccaca000 	C:\Windows\System32\msvcp_win.dll
0x00007ffdccb30000 - 0x00007ffdccc24000 	C:\Windows\System32\ucrtbase.dll
0x00007ffdbde30000 - 0x00007ffdbe097000 	C:\Windows\WinSxS\amd64_microsoft.windows.common-controls_6595b64144ccf1df_6.0.15063.1897_none_40cb64bd29a40d00\COMCTL32.dll
0x00007ffdcf3c0000 - 0x00007ffdcf6b6000 	C:\Windows\System32\combase.dll
0x00007ffdcd620000 - 0x00007ffdcd695000 	C:\Windows\System32\bcryptPrimitives.dll
0x00007ffdcf320000 - 0x00007ffdcf34d000 	C:\Windows\System32\IMM32.DLL
0x00007ffdbdaa0000 - 0x00007ffdbdb4c000 	C:\Windows\system32\tmumh\20019\AddOn\7.0.0.1176\TmUmEvt64.dll
0x00007ffdcff70000 - 0x00007ffdcff78000 	C:\Windows\System32\PSAPI.DLL
0x00007ffdd0140000 - 0x00007ffdd0191000 	C:\Windows\System32\shlwapi.dll
0x0000000069e70000 - 0x0000000069f8a000 	C:\Windows\system32\tmumh\20019\TmMon\2.5.0.2096\tmmon64.dll
0x0000000068000000 - 0x0000000068066000 	C:\Windows\System32\QIPCAP64.dll
0x00007ffdcdaf0000 - 0x00007ffdcef28000 	C:\Windows\System32\SHELL32.dll
0x00007ffdccce0000 - 0x00007ffdccd29000 	C:\Windows\System32\cfgmgr32.dll
0x00007ffdccf00000 - 0x00007ffdcd5f1000 	C:\Windows\System32\windows.storage.dll
0x00007ffdcca10000 - 0x00007ffdcca21000 	C:\Windows\System32\kernel.appcore.dll
0x00007ffdcc9c0000 - 0x00007ffdcca0c000 	C:\Windows\System32\powrprof.dll
0x00007ffdcc9a0000 - 0x00007ffdcc9b5000 	C:\Windows\System32\profapi.dll
0x00007ffdcc020000 - 0x00007ffdcc0c4000 	C:\Windows\SYSTEM32\DNSAPI.dll
0x00007ffdcf350000 - 0x00007ffdcf3bc000 	C:\Windows\System32\WS2_32.dll
0x00007ffdcdae0000 - 0x00007ffdcdae8000 	C:\Windows\System32\NSI.dll
0x0000000001530000 - 0x00000000015da000 	C:\Windows\System32\shcore.dll
0x00007ffdcbfe0000 - 0x00007ffdcc017000 	C:\Windows\SYSTEM32\IPHLPAPI.DLL
0x0000000068450000 - 0x0000000068522000 	C:\jdk1.8.0_172\jre\bin\msvcr100.dll
0x00000000037d0000 - 0x0000000004073000 	C:\jdk1.8.0_172\jre\bin\server\jvm.dll
0x00007ffdbd3c0000 - 0x00007ffdbd3c9000 	C:\Windows\SYSTEM32\WSOCK32.dll
0x00007ffdcaf70000 - 0x00007ffdcaf93000 	C:\Windows\SYSTEM32\WINMM.dll
0x00007ffdc7c70000 - 0x00007ffdc7c7a000 	C:\Windows\SYSTEM32\VERSION.dll
0x00007ffdcaf10000 - 0x00007ffdcaf3b000 	C:\Windows\SYSTEM32\WINMMBASE.dll
0x00007ffdb45f0000 - 0x00007ffdb45ff000 	C:\jdk1.8.0_172\jre\bin\verify.dll
0x00007ffdb45c0000 - 0x00007ffdb45e9000 	C:\jdk1.8.0_172\jre\bin\java.dll
0x00007ffdb45a0000 - 0x00007ffdb45b6000 	C:\jdk1.8.0_172\jre\bin\zip.dll
0x00007ffdcb020000 - 0x00007ffdcb02a000 	C:\Maven\apache-maven-3.6.1\lib\jansi-native\windows64\jansi.dll
0x00007ffdb1760000 - 0x00007ffdb177a000 	C:\jdk1.8.0_172\jre\bin\net.dll
0x00007ffdcc280000 - 0x00007ffdcc2dc000 	C:\Windows\system32\mswsock.dll
0x00007ffdac810000 - 0x00007ffdac821000 	C:\jdk1.8.0_172\jre\bin\nio.dll

VM Arguments:
jvm_args: -Dclassworlds.conf=C:\Maven\apache-maven-3.6.1\bin\..\bin\m2.conf -Dmaven.home=C:\Maven\apache-maven-3.6.1\bin\.. -Dlibrary.jansi.path=C:\Maven\apache-maven-3.6.1\bin\..\lib\jansi-native -Dmaven.multiModuleProjectDirectory=C:\tibco\bw6\bw\6.5\maven\plugins\bw6-maven-plugin 
java_command: org.codehaus.plexus.classworlds.launcher.Launcher install:install-file -Dfile=bw6-maven-plugin-2.6.0.jar -DpomFile=pom.xml
java_class_path (initial): C:\Maven\apache-maven-3.6.1\bin\..\boot\plexus-classworlds-2.6.0.jar
Launcher Type: SUN_STANDARD

Environment Variables:
JAVA_HOME=C:\jdk1.8.0_172
PATH=C:\jdk1.8.0_172\bin;C:\Maven\apache-maven-3.6.1\bin;C:\tibco\ftl\5.4\bin;C:\tibco\as\4.1;C:\Program Files (x86)\Microsoft SDKs\Azure\CLI2\wbin;C:\Program Files (x86)\Common Files\Oracle\Java\javapath;C:\Windows\system32;C:\Windows;C:\Windows\System32\Wbem;C:\Windows\System32\WindowsPowerShell\v1.0\;C:\Program Files (x86)\Microsoft SQL Server\Client SDK\ODBC\130\Tools\Binn\;C:\Program Files (x86)\Microsoft SQL Server\140\Tools\Binn\;C:\Program Files (x86)\Microsoft SQL Server\140\DTS\Binn\;C:\Program Files (x86)\Microsoft SQL Server\140\Tools\Binn\ManagementStudio\;C:\Program Files\Microsoft SQL Server\130\Tools\Binn\;C:\Program Files\dotnet\;C:\Program Files\Git\cmd;C:\Users\cmduarte\.azure-kubectl;C:\Program Files\PuTTY\;C:\ProgramData\chocolatey\bin;C:\Program Files (x86)\Intel\Intel(R) Management Engine Components\DAL;C:\Program Files\Intel\Intel(R) Management Engine Components\DAL;C:\Program Files\Intel\WiFi\bin\;C:\Program Files\Common Files\Intel\WirelessCommon\;C:\Users\cmduarte\AppData\Local\Programs\Python\Python38-32;C:\Users\cmduarte\AppData\Local\Programs\Python\Python38-32\Scripts;C:\Program Files (x86)\Sennheiser\SoftphoneSDK\;C:\jdk1.8.0_172\bin;C:\Maven\apache-maven-3.6.1\bin;C:\Users\cmduarte\AppData\Local\Microsoft\WindowsApps;C:\Users\cmduarte\AppData\Local\Programs\Python\Python38-32;C:\Users\cmduarte\AppData\Local\Programs\Python\Python38-32\Scripts;
USERNAME=cmduarte
OS=Windows_NT
PROCESSOR_IDENTIFIER=Intel64 Family 6 Model 142 Stepping 9, GenuineIntel



---------------  S Y S T E M  ---------------

OS: Windows 10.0 , 64 bit Build 15063 (10.0.15063.1805)

CPU:total 4 (initial active 4) (2 cores per cpu, 2 threads per core) family 6 model 142 stepping 9, cmov, cx8, fxsr, mmx, sse, sse2, sse3, ssse3, sse4.1, sse4.2, popcnt, avx, avx2, aes, clmul, erms, rtm, 3dnowpref, lzcnt, ht, tsc, tscinvbit, bmi1, bmi2, adx

Memory: 4k page, physical 16656344k(6004264k free), swap 19655640k(3116k free)

vm_info: Java HotSpot(TM) 64-Bit Server VM (25.172-b11) for windows-amd64 JRE (1.8.0_172-b11), built on Mar 28 2018 21:21:52 by "java_re" with MS VC++ 10.0 (VS2010)

time: Sat May 02 18:39:00 2020
elapsed time: 22 seconds (0d 0h 0m 22s)

